<?xml version="1.0" encoding="UTF-8"?>
<!-- Generated by org.testng.reporters.JUnitReportReporter -->
<testsuite skipped="8" hostname="INPUL5CG7232C74" name="excelData.TestRun" tests="111" failures="0" timestamp="12 Dec 2019 10:17:41 GMT" time="2547.997" errors="2">
  <testcase name="siteHack" time="21.117" classname="excelData.TestRun"/>
  <testcase name="siteHack" time="57.205" classname="excelData.TestRun"/>
  <testcase name="siteHack" time="22.874" classname="excelData.TestRun"/>
  <testcase name="siteHack" time="28.617" classname="excelData.TestRun"/>
  <testcase name="siteHack" time="23.055" classname="excelData.TestRun"/>
  <testcase name="siteHack" time="17.064" classname="excelData.TestRun"/>
  <testcase name="siteHack" time="25.430" classname="excelData.TestRun"/>
  <testcase name="siteHack" time="46.582" classname="excelData.TestRun"/>
  <testcase name="siteHack" time="0.001" classname="excelData.TestRun">
    <skipped/>
  </testcase> <!-- siteHack -->
  <testcase name="siteHack" time="24.783" classname="excelData.TestRun"/>
  <testcase name="siteHack" time="36.652" classname="excelData.TestRun"/>
  <testcase name="siteHack" time="14.591" classname="excelData.TestRun"/>
  <testcase name="siteHack" time="25.822" classname="excelData.TestRun"/>
  <testcase name="siteHack" time="0.001" classname="excelData.TestRun">
    <skipped/>
  </testcase> <!-- siteHack -->
  <testcase name="siteHack" time="17.768" classname="excelData.TestRun"/>
  <testcase name="siteHack" time="30.326" classname="excelData.TestRun"/>
  <testcase name="siteHack" time="20.483" classname="excelData.TestRun"/>
  <testcase name="siteHack" time="21.196" classname="excelData.TestRun"/>
  <testcase name="siteHack" time="24.785" classname="excelData.TestRun"/>
  <testcase name="siteHack" time="35.058" classname="excelData.TestRun"/>
  <testcase name="siteHack" time="21.088" classname="excelData.TestRun"/>
  <testcase name="siteHack" time="17.140" classname="excelData.TestRun"/>
  <testcase name="siteHack" time="18.927" classname="excelData.TestRun"/>
  <testcase name="siteHack" time="35.555" classname="excelData.TestRun"/>
  <testcase name="siteHack" time="19.026" classname="excelData.TestRun"/>
  <testcase name="siteHack" time="45.867" classname="excelData.TestRun"/>
  <testcase name="siteHack" time="27.550" classname="excelData.TestRun"/>
  <testcase name="siteHack" time="2.761" classname="excelData.TestRun">
    <error type="org.openqa.selenium.WebDriverException" message="unknown error: unhandled inspector error: {&quot;code&quot;:-32000,&quot;message&quot;:&quot;Cannot navigate to invalid URL&quot;}
  (Session info: chrome=72.0.3626.121)
  (Driver info: chromedriver=2.41.578737 (49da6702b16031c40d63e5618de03a32ff6c197e),platform=Windows NT 10.0.17134 x86_64) (WARNING: The server did not provide any stacktrace information)
Command duration or timeout: 0 milliseconds
Build info: version: &#039;3.14.0&#039;, revision: &#039;aacccce0&#039;, time: &#039;2018-08-02T20:13:22.693Z&#039;
System info: host: &#039;INPUL5CG7232C74&#039;, ip: &#039;192.168.56.1&#039;, os.name: &#039;Windows 10&#039;, os.arch: &#039;amd64&#039;, os.version: &#039;10.0&#039;, java.version: &#039;1.8.0_181&#039;
Driver info: org.openqa.selenium.chrome.ChromeDriver
Capabilities {acceptInsecureCerts: false, acceptSslCerts: false, applicationCacheEnabled: false, browserConnectionEnabled: false, browserName: chrome, chrome: {chromedriverVersion: 2.41.578737 (49da6702b16031..., userDataDir: C:\Users\u955590\AppData\Lo...}, cssSelectorsEnabled: true, databaseEnabled: false, goog:chromeOptions: {debuggerAddress: localhost:62297}, handlesAlerts: true, hasTouchScreen: false, javascriptEnabled: true, locationContextEnabled: true, mobileEmulationEnabled: false, nativeEvents: true, networkConnectionEnabled: false, pageLoadStrategy: normal, platform: XP, platformName: XP, rotatable: false, setWindowRect: true, takesHeapSnapshot: true, takesScreenshot: true, unexpectedAlertBehaviour: , unhandledPromptBehavior: , version: 72.0.3626.121, webStorageEnabled: true}
Session ID: 734239effc56396fb2e7a655c4a8a870">
      <![CDATA[org.openqa.selenium.WebDriverException: unknown error: unhandled inspector error: {"code":-32000,"message":"Cannot navigate to invalid URL"}
  (Session info: chrome=72.0.3626.121)
  (Driver info: chromedriver=2.41.578737 (49da6702b16031c40d63e5618de03a32ff6c197e),platform=Windows NT 10.0.17134 x86_64) (WARNING: The server did not provide any stacktrace information)
Command duration or timeout: 0 milliseconds
Build info: version: '3.14.0', revision: 'aacccce0', time: '2018-08-02T20:13:22.693Z'
System info: host: 'INPUL5CG7232C74', ip: '192.168.56.1', os.name: 'Windows 10', os.arch: 'amd64', os.version: '10.0', java.version: '1.8.0_181'
Driver info: org.openqa.selenium.chrome.ChromeDriver
Capabilities {acceptInsecureCerts: false, acceptSslCerts: false, applicationCacheEnabled: false, browserConnectionEnabled: false, browserName: chrome, chrome: {chromedriverVersion: 2.41.578737 (49da6702b16031..., userDataDir: C:\Users\u955590\AppData\Lo...}, cssSelectorsEnabled: true, databaseEnabled: false, goog:chromeOptions: {debuggerAddress: localhost:62297}, handlesAlerts: true, hasTouchScreen: false, javascriptEnabled: true, locationContextEnabled: true, mobileEmulationEnabled: false, nativeEvents: true, networkConnectionEnabled: false, pageLoadStrategy: normal, platform: XP, platformName: XP, rotatable: false, setWindowRect: true, takesHeapSnapshot: true, takesScreenshot: true, unexpectedAlertBehaviour: , unhandledPromptBehavior: , version: 72.0.3626.121, webStorageEnabled: true}
Session ID: 734239effc56396fb2e7a655c4a8a870
at sun.reflect.NativeConstructorAccessorImpl.newInstance0(Native Method)
at sun.reflect.NativeConstructorAccessorImpl.newInstance(Unknown Source)
at sun.reflect.DelegatingConstructorAccessorImpl.newInstance(Unknown Source)
at java.lang.reflect.Constructor.newInstance(Unknown Source)
at org.openqa.selenium.remote.ErrorHandler.createThrowable(ErrorHandler.java:214)
at org.openqa.selenium.remote.ErrorHandler.throwIfResponseFailed(ErrorHandler.java:166)
at org.openqa.selenium.remote.http.JsonHttpResponseCodec.reconstructValue(JsonHttpResponseCodec.java:40)
at org.openqa.selenium.remote.http.AbstractHttpResponseCodec.decode(AbstractHttpResponseCodec.java:80)
at org.openqa.selenium.remote.http.AbstractHttpResponseCodec.decode(AbstractHttpResponseCodec.java:44)
at org.openqa.selenium.remote.HttpCommandExecutor.execute(HttpCommandExecutor.java:158)
at org.openqa.selenium.remote.service.DriverCommandExecutor.execute(DriverCommandExecutor.java:83)
at org.openqa.selenium.remote.RemoteWebDriver.execute(RemoteWebDriver.java:548)
at org.openqa.selenium.remote.RemoteWebDriver.get(RemoteWebDriver.java:276)
at excelData.TestRun.siteHack(TestRun.java:33)
at sun.reflect.GeneratedMethodAccessor48.invoke(Unknown Source)
at sun.reflect.DelegatingMethodAccessorImpl.invoke(Unknown Source)
at java.lang.reflect.Method.invoke(Unknown Source)
at org.testng.internal.MethodInvocationHelper.invokeMethod(MethodInvocationHelper.java:124)
at org.testng.internal.Invoker.invokeMethod(Invoker.java:580)
at org.testng.internal.Invoker.invokeTestMethod(Invoker.java:716)
at org.testng.internal.Invoker.invokeTestMethods(Invoker.java:988)
at org.testng.internal.TestMethodWorker.invokeTestMethods(TestMethodWorker.java:125)
at org.testng.internal.TestMethodWorker.run(TestMethodWorker.java:109)
at org.testng.TestRunner.privateRun(TestRunner.java:648)
at org.testng.TestRunner.run(TestRunner.java:505)
at org.testng.SuiteRunner.runTest(SuiteRunner.java:455)
at org.testng.SuiteRunner.runSequentially(SuiteRunner.java:450)
at org.testng.SuiteRunner.privateRun(SuiteRunner.java:415)
at org.testng.SuiteRunner.run(SuiteRunner.java:364)
at org.testng.SuiteRunnerWorker.runSuite(SuiteRunnerWorker.java:52)
at org.testng.SuiteRunnerWorker.run(SuiteRunnerWorker.java:84)
at org.testng.TestNG.runSuitesSequentially(TestNG.java:1208)
at org.testng.TestNG.runSuitesLocally(TestNG.java:1137)
at org.testng.TestNG.runSuites(TestNG.java:1049)
at org.testng.TestNG.run(TestNG.java:1017)
at org.testng.remote.AbstractRemoteTestNG.run(AbstractRemoteTestNG.java:114)
at org.testng.remote.RemoteTestNG.initAndRun(RemoteTestNG.java:251)
at org.testng.remote.RemoteTestNG.main(RemoteTestNG.java:77)
]]>
    </error>
  </testcase> <!-- siteHack -->
  <testcase name="siteHack" time="21.725" classname="excelData.TestRun"/>
  <testcase name="siteHack" time="21.002" classname="excelData.TestRun"/>
  <testcase name="siteHack" time="14.382" classname="excelData.TestRun"/>
  <testcase name="siteHack" time="22.921" classname="excelData.TestRun"/>
  <testcase name="siteHack" time="14.891" classname="excelData.TestRun"/>
  <testcase name="siteHack" time="0.000" classname="excelData.TestRun">
    <skipped/>
  </testcase> <!-- siteHack -->
  <testcase name="siteHack" time="44.177" classname="excelData.TestRun"/>
  <testcase name="siteHack" time="0.001" classname="excelData.TestRun">
    <skipped/>
  </testcase> <!-- siteHack -->
  <testcase name="siteHack" time="15.925" classname="excelData.TestRun"/>
  <testcase name="siteHack" time="16.786" classname="excelData.TestRun"/>
  <testcase name="siteHack" time="15.294" classname="excelData.TestRun"/>
  <testcase name="siteHack" time="36.101" classname="excelData.TestRun"/>
  <testcase name="siteHack" time="16.766" classname="excelData.TestRun"/>
  <testcase name="siteHack" time="31.926" classname="excelData.TestRun"/>
  <testcase name="siteHack" time="20.457" classname="excelData.TestRun"/>
  <testcase name="siteHack" time="0.001" classname="excelData.TestRun">
    <skipped/>
  </testcase> <!-- siteHack -->
  <testcase name="siteHack" time="22.984" classname="excelData.TestRun"/>
  <testcase name="siteHack" time="35.947" classname="excelData.TestRun"/>
  <testcase name="siteHack" time="21.250" classname="excelData.TestRun"/>
  <testcase name="siteHack" time="22.618" classname="excelData.TestRun"/>
  <testcase name="siteHack" time="32.359" classname="excelData.TestRun"/>
  <testcase name="siteHack" time="18.069" classname="excelData.TestRun"/>
  <testcase name="siteHack" time="69.642" classname="excelData.TestRun"/>
  <testcase name="siteHack" time="23.830" classname="excelData.TestRun"/>
  <testcase name="siteHack" time="13.252" classname="excelData.TestRun"/>
  <testcase name="siteHack" time="0.001" classname="excelData.TestRun">
    <skipped/>
  </testcase> <!-- siteHack -->
  <testcase name="siteHack" time="25.028" classname="excelData.TestRun"/>
  <testcase name="siteHack" time="21.426" classname="excelData.TestRun"/>
  <testcase name="siteHack" time="19.668" classname="excelData.TestRun"/>
  <testcase name="siteHack" time="14.025" classname="excelData.TestRun"/>
  <testcase name="siteHack" time="0.001" classname="excelData.TestRun">
    <skipped/>
  </testcase> <!-- siteHack -->
  <testcase name="siteHack" time="20.487" classname="excelData.TestRun"/>
  <testcase name="siteHack" time="20.241" classname="excelData.TestRun"/>
  <testcase name="siteHack" time="22.732" classname="excelData.TestRun"/>
  <testcase name="siteHack" time="20.364" classname="excelData.TestRun"/>
  <testcase name="siteHack" time="20.117" classname="excelData.TestRun"/>
  <testcase name="siteHack" time="22.866" classname="excelData.TestRun"/>
  <testcase name="siteHack" time="19.578" classname="excelData.TestRun"/>
  <testcase name="siteHack" time="22.114" classname="excelData.TestRun"/>
  <testcase name="siteHack" time="18.236" classname="excelData.TestRun"/>
  <testcase name="siteHack" time="13.842" classname="excelData.TestRun"/>
  <testcase name="siteHack" time="0.000" classname="excelData.TestRun">
    <skipped/>
  </testcase> <!-- siteHack -->
  <testcase name="siteHack" time="24.483" classname="excelData.TestRun"/>
  <testcase name="getResult" time="0.019" classname="excelData.TestRun">
    <error type="java.lang.NullPointerException">
      <![CDATA[java.lang.NullPointerException
at library.Utility1.getScreenshot(Utility1.java:16)
at library.BaseClass.getResult(BaseClass.java:43)
at sun.reflect.GeneratedMethodAccessor131.invoke(Unknown Source)
at sun.reflect.DelegatingMethodAccessorImpl.invoke(Unknown Source)
at java.lang.reflect.Method.invoke(Unknown Source)
at org.testng.internal.MethodInvocationHelper.invokeMethod(MethodInvocationHelper.java:124)
at org.testng.internal.MethodInvocationHelper.invokeMethodConsideringTimeout(MethodInvocationHelper.java:59)
at org.testng.internal.Invoker.invokeConfigurationMethod(Invoker.java:455)
at org.testng.internal.Invoker.invokeConfigurations(Invoker.java:222)
at org.testng.internal.Invoker.invokeMethod(Invoker.java:643)
at org.testng.internal.Invoker.invokeTestMethod(Invoker.java:716)
at org.testng.internal.Invoker.invokeTestMethods(Invoker.java:988)
at org.testng.internal.TestMethodWorker.invokeTestMethods(TestMethodWorker.java:125)
at org.testng.internal.TestMethodWorker.run(TestMethodWorker.java:109)
at org.testng.TestRunner.privateRun(TestRunner.java:648)
at org.testng.TestRunner.run(TestRunner.java:505)
at org.testng.SuiteRunner.runTest(SuiteRunner.java:455)
at org.testng.SuiteRunner.runSequentially(SuiteRunner.java:450)
at org.testng.SuiteRunner.privateRun(SuiteRunner.java:415)
at org.testng.SuiteRunner.run(SuiteRunner.java:364)
at org.testng.SuiteRunnerWorker.runSuite(SuiteRunnerWorker.java:52)
at org.testng.SuiteRunnerWorker.run(SuiteRunnerWorker.java:84)
at org.testng.TestNG.runSuitesSequentially(TestNG.java:1208)
at org.testng.TestNG.runSuitesLocally(TestNG.java:1137)
at org.testng.TestNG.runSuites(TestNG.java:1049)
at org.testng.TestNG.run(TestNG.java:1017)
at org.testng.remote.AbstractRemoteTestNG.run(AbstractRemoteTestNG.java:114)
at org.testng.remote.RemoteTestNG.initAndRun(RemoteTestNG.java:251)
at org.testng.remote.RemoteTestNG.main(RemoteTestNG.java:77)
]]>
    </error>
  </testcase> <!-- getResult -->
  <testcase name="siteHack" time="19.847" classname="excelData.TestRun"/>
  <testcase name="siteHack" time="19.067" classname="excelData.TestRun"/>
  <testcase name="siteHack" time="20.877" classname="excelData.TestRun"/>
  <testcase name="siteHack" time="19.550" classname="excelData.TestRun"/>
  <testcase name="siteHack" time="46.395" classname="excelData.TestRun"/>
  <testcase name="siteHack" time="52.899" classname="excelData.TestRun"/>
  <testcase name="siteHack" time="19.238" classname="excelData.TestRun"/>
  <testcase name="siteHack" time="34.689" classname="excelData.TestRun"/>
  <testcase name="siteHack" time="72.027" classname="excelData.TestRun"/>
  <testcase name="siteHack" time="28.186" classname="excelData.TestRun"/>
  <testcase name="siteHack" time="20.982" classname="excelData.TestRun"/>
  <testcase name="siteHack" time="21.663" classname="excelData.TestRun"/>
  <testcase name="siteHack" time="31.604" classname="excelData.TestRun"/>
  <testcase name="siteHack" time="13.213" classname="excelData.TestRun"/>
  <testcase name="siteHack" time="40.038" classname="excelData.TestRun"/>
  <testcase name="siteHack" time="42.441" classname="excelData.TestRun"/>
  <testcase name="siteHack" time="23.361" classname="excelData.TestRun"/>
  <testcase name="siteHack" time="23.865" classname="excelData.TestRun"/>
  <testcase name="siteHack" time="21.551" classname="excelData.TestRun"/>
  <testcase name="siteHack" time="14.041" classname="excelData.TestRun"/>
  <testcase name="siteHack" time="20.843" classname="excelData.TestRun"/>
  <testcase name="siteHack" time="18.050" classname="excelData.TestRun"/>
  <testcase name="siteHack" time="20.589" classname="excelData.TestRun"/>
  <testcase name="siteHack" time="21.938" classname="excelData.TestRun"/>
  <testcase name="siteHack" time="19.173" classname="excelData.TestRun"/>
  <testcase name="siteHack" time="23.485" classname="excelData.TestRun"/>
  <testcase name="siteHack" time="25.467" classname="excelData.TestRun"/>
  <testcase name="siteHack" time="15.828" classname="excelData.TestRun"/>
  <testcase name="siteHack" time="20.791" classname="excelData.TestRun"/>
  <testcase name="siteHack" time="21.300" classname="excelData.TestRun"/>
  <testcase name="siteHack" time="19.997" classname="excelData.TestRun"/>
  <testcase name="siteHack" time="23.604" classname="excelData.TestRun"/>
  <testcase name="siteHack" time="21.393" classname="excelData.TestRun"/>
  <testcase name="siteHack" time="21.195" classname="excelData.TestRun"/>
  <testcase name="siteHack" time="22.780" classname="excelData.TestRun"/>
  <testcase name="siteHack" time="25.032" classname="excelData.TestRun"/>
  <testcase name="siteHack" time="44.994" classname="excelData.TestRun"/>
  <testcase name="siteHack" time="18.809" classname="excelData.TestRun"/>
  <testcase name="siteHack" time="18.337" classname="excelData.TestRun"/>
</testsuite> <!-- excelData.TestRun -->
