<?xml version="1.0" encoding="UTF-8"?>
<!-- Generated by org.testng.reporters.JUnitReportReporter -->
<testsuite skipped="0" hostname="INPUL5CG7232C74" name="userProfile.SocialLoginInRegistrationPage" tests="45" failures="0" timestamp="15 Mar 2019 11:00:46 GMT" time="2855.798" errors="1">
  <testcase name="socialLogin" time="77.713" classname="userProfile.SocialLoginInRegistrationPage"/>
  <testcase name="socialLogin" time="27.849" classname="userProfile.SocialLoginInRegistrationPage"/>
  <testcase name="socialLogin" time="24.212" classname="userProfile.SocialLoginInRegistrationPage"/>
  <testcase name="socialLogin" time="195.555" classname="userProfile.SocialLoginInRegistrationPage"/>
  <testcase name="socialLogin" time="62.927" classname="userProfile.SocialLoginInRegistrationPage"/>
  <testcase name="socialLogin" time="24.981" classname="userProfile.SocialLoginInRegistrationPage"/>
  <testcase name="socialLogin" time="73.493" classname="userProfile.SocialLoginInRegistrationPage"/>
  <testcase name="socialLogin" time="55.302" classname="userProfile.SocialLoginInRegistrationPage"/>
  <testcase name="socialLogin" time="62.936" classname="userProfile.SocialLoginInRegistrationPage"/>
  <testcase name="socialLogin" time="79.324" classname="userProfile.SocialLoginInRegistrationPage"/>
  <testcase name="socialLogin" time="83.579" classname="userProfile.SocialLoginInRegistrationPage"/>
  <testcase name="socialLogin" time="94.660" classname="userProfile.SocialLoginInRegistrationPage"/>
  <testcase name="socialLogin" time="84.391" classname="userProfile.SocialLoginInRegistrationPage"/>
  <testcase name="socialLogin" time="58.161" classname="userProfile.SocialLoginInRegistrationPage"/>
  <testcase name="socialLogin" time="77.546" classname="userProfile.SocialLoginInRegistrationPage"/>
  <testcase name="socialLogin" time="42.044" classname="userProfile.SocialLoginInRegistrationPage"/>
  <testcase name="socialLogin" time="29.467" classname="userProfile.SocialLoginInRegistrationPage"/>
  <testcase name="socialLogin" time="47.097" classname="userProfile.SocialLoginInRegistrationPage"/>
  <testcase name="socialLogin" time="161.862" classname="userProfile.SocialLoginInRegistrationPage"/>
  <testcase name="socialLogin" time="28.556" classname="userProfile.SocialLoginInRegistrationPage"/>
  <testcase name="socialLogin" time="83.628" classname="userProfile.SocialLoginInRegistrationPage"/>
  <testcase name="socialLogin" time="70.668" classname="userProfile.SocialLoginInRegistrationPage"/>
  <testcase name="socialLogin" time="47.820" classname="userProfile.SocialLoginInRegistrationPage"/>
  <testcase name="socialLogin" time="36.184" classname="userProfile.SocialLoginInRegistrationPage"/>
  <testcase name="socialLogin" time="63.213" classname="userProfile.SocialLoginInRegistrationPage"/>
  <testcase name="socialLogin" time="32.829" classname="userProfile.SocialLoginInRegistrationPage"/>
  <testcase name="socialLogin" time="32.742" classname="userProfile.SocialLoginInRegistrationPage"/>
  <testcase name="socialLogin" time="42.724" classname="userProfile.SocialLoginInRegistrationPage"/>
  <testcase name="socialLogin" time="61.489" classname="userProfile.SocialLoginInRegistrationPage"/>
  <testcase name="socialLogin" time="86.219" classname="userProfile.SocialLoginInRegistrationPage"/>
  <testcase name="socialLogin" time="32.097" classname="userProfile.SocialLoginInRegistrationPage"/>
  <testcase name="socialLogin" time="85.719" classname="userProfile.SocialLoginInRegistrationPage"/>
  <testcase name="socialLogin" time="53.138" classname="userProfile.SocialLoginInRegistrationPage"/>
  <testcase name="socialLogin" time="116.485" classname="userProfile.SocialLoginInRegistrationPage"/>
  <testcase name="socialLogin" time="67.691" classname="userProfile.SocialLoginInRegistrationPage"/>
  <testcase name="socialLogin" time="36.304" classname="userProfile.SocialLoginInRegistrationPage"/>
  <testcase name="socialLogin" time="2.715" classname="userProfile.SocialLoginInRegistrationPage">
    <error type="org.openqa.selenium.WebDriverException" message="unknown error: unhandled inspector error: {&quot;code&quot;:-32000,&quot;message&quot;:&quot;Cannot navigate to invalid URL&quot;}
  (Session info: chrome=67.0.3396.87)
  (Driver info: chromedriver=2.41.578737 (49da6702b16031c40d63e5618de03a32ff6c197e),platform=Windows NT 10.0.17134 x86_64) (WARNING: The server did not provide any stacktrace information)
Command duration or timeout: 0 milliseconds
Build info: version: &#039;3.14.0&#039;, revision: &#039;aacccce0&#039;, time: &#039;2018-08-02T20:13:22.693Z&#039;
System info: host: &#039;INPUL5CG7232C74&#039;, ip: &#039;10.254.233.145&#039;, os.name: &#039;Windows 10&#039;, os.arch: &#039;amd64&#039;, os.version: &#039;10.0&#039;, java.version: &#039;1.8.0_181&#039;
Driver info: org.openqa.selenium.chrome.ChromeDriver
Capabilities {acceptInsecureCerts: false, acceptSslCerts: false, applicationCacheEnabled: false, browserConnectionEnabled: false, browserName: chrome, chrome: {chromedriverVersion: 2.41.578737 (49da6702b16031..., userDataDir: C:\Users\u955590\AppData\Lo...}, cssSelectorsEnabled: true, databaseEnabled: false, goog:chromeOptions: {debuggerAddress: localhost:58821}, handlesAlerts: true, hasTouchScreen: false, javascriptEnabled: true, locationContextEnabled: true, mobileEmulationEnabled: false, nativeEvents: true, networkConnectionEnabled: false, pageLoadStrategy: normal, platform: XP, platformName: XP, rotatable: false, setWindowRect: true, takesHeapSnapshot: true, takesScreenshot: true, unexpectedAlertBehaviour: , unhandledPromptBehavior: , version: 67.0.3396.87, webStorageEnabled: true}
Session ID: a40bfffd5023c86cf6d3b0e4fa28ec89">
      <![CDATA[org.openqa.selenium.WebDriverException: unknown error: unhandled inspector error: {"code":-32000,"message":"Cannot navigate to invalid URL"}
  (Session info: chrome=67.0.3396.87)
  (Driver info: chromedriver=2.41.578737 (49da6702b16031c40d63e5618de03a32ff6c197e),platform=Windows NT 10.0.17134 x86_64) (WARNING: The server did not provide any stacktrace information)
Command duration or timeout: 0 milliseconds
Build info: version: '3.14.0', revision: 'aacccce0', time: '2018-08-02T20:13:22.693Z'
System info: host: 'INPUL5CG7232C74', ip: '10.254.233.145', os.name: 'Windows 10', os.arch: 'amd64', os.version: '10.0', java.version: '1.8.0_181'
Driver info: org.openqa.selenium.chrome.ChromeDriver
Capabilities {acceptInsecureCerts: false, acceptSslCerts: false, applicationCacheEnabled: false, browserConnectionEnabled: false, browserName: chrome, chrome: {chromedriverVersion: 2.41.578737 (49da6702b16031..., userDataDir: C:\Users\u955590\AppData\Lo...}, cssSelectorsEnabled: true, databaseEnabled: false, goog:chromeOptions: {debuggerAddress: localhost:58821}, handlesAlerts: true, hasTouchScreen: false, javascriptEnabled: true, locationContextEnabled: true, mobileEmulationEnabled: false, nativeEvents: true, networkConnectionEnabled: false, pageLoadStrategy: normal, platform: XP, platformName: XP, rotatable: false, setWindowRect: true, takesHeapSnapshot: true, takesScreenshot: true, unexpectedAlertBehaviour: , unhandledPromptBehavior: , version: 67.0.3396.87, webStorageEnabled: true}
Session ID: a40bfffd5023c86cf6d3b0e4fa28ec89
at sun.reflect.NativeConstructorAccessorImpl.newInstance0(Native Method)
at sun.reflect.NativeConstructorAccessorImpl.newInstance(Unknown Source)
at sun.reflect.DelegatingConstructorAccessorImpl.newInstance(Unknown Source)
at java.lang.reflect.Constructor.newInstance(Unknown Source)
at org.openqa.selenium.remote.ErrorHandler.createThrowable(ErrorHandler.java:214)
at org.openqa.selenium.remote.ErrorHandler.throwIfResponseFailed(ErrorHandler.java:166)
at org.openqa.selenium.remote.http.JsonHttpResponseCodec.reconstructValue(JsonHttpResponseCodec.java:40)
at org.openqa.selenium.remote.http.AbstractHttpResponseCodec.decode(AbstractHttpResponseCodec.java:80)
at org.openqa.selenium.remote.http.AbstractHttpResponseCodec.decode(AbstractHttpResponseCodec.java:44)
at org.openqa.selenium.remote.HttpCommandExecutor.execute(HttpCommandExecutor.java:158)
at org.openqa.selenium.remote.service.DriverCommandExecutor.execute(DriverCommandExecutor.java:83)
at org.openqa.selenium.remote.RemoteWebDriver.execute(RemoteWebDriver.java:548)
at org.openqa.selenium.remote.RemoteWebDriver.get(RemoteWebDriver.java:276)
at userProfile.SocialLoginInRegistrationPage.socialLogin(SocialLoginInRegistrationPage.java:22)
at sun.reflect.GeneratedMethodAccessor1.invoke(Unknown Source)
at sun.reflect.DelegatingMethodAccessorImpl.invoke(Unknown Source)
at java.lang.reflect.Method.invoke(Unknown Source)
at org.testng.internal.MethodInvocationHelper.invokeMethod(MethodInvocationHelper.java:124)
at org.testng.internal.Invoker.invokeMethod(Invoker.java:580)
at org.testng.internal.Invoker.invokeTestMethod(Invoker.java:716)
at org.testng.internal.Invoker.invokeTestMethods(Invoker.java:988)
at org.testng.internal.TestMethodWorker.invokeTestMethods(TestMethodWorker.java:125)
at org.testng.internal.TestMethodWorker.run(TestMethodWorker.java:109)
at org.testng.TestRunner.privateRun(TestRunner.java:648)
at org.testng.TestRunner.run(TestRunner.java:505)
at org.testng.SuiteRunner.runTest(SuiteRunner.java:455)
at org.testng.SuiteRunner.runSequentially(SuiteRunner.java:450)
at org.testng.SuiteRunner.privateRun(SuiteRunner.java:415)
at org.testng.SuiteRunner.run(SuiteRunner.java:364)
at org.testng.SuiteRunnerWorker.runSuite(SuiteRunnerWorker.java:52)
at org.testng.SuiteRunnerWorker.run(SuiteRunnerWorker.java:84)
at org.testng.TestNG.runSuitesSequentially(TestNG.java:1208)
at org.testng.TestNG.runSuitesLocally(TestNG.java:1137)
at org.testng.TestNG.runSuites(TestNG.java:1049)
at org.testng.TestNG.run(TestNG.java:1017)
at org.testng.remote.AbstractRemoteTestNG.run(AbstractRemoteTestNG.java:114)
at org.testng.remote.RemoteTestNG.initAndRun(RemoteTestNG.java:251)
at org.testng.remote.RemoteTestNG.main(RemoteTestNG.java:77)
]]>
    </error>
  </testcase> <!-- socialLogin -->
  <testcase name="socialLogin" time="32.134" classname="userProfile.SocialLoginInRegistrationPage"/>
  <testcase name="socialLogin" time="26.526" classname="userProfile.SocialLoginInRegistrationPage"/>
  <testcase name="socialLogin" time="52.669" classname="userProfile.SocialLoginInRegistrationPage"/>
  <testcase name="socialLogin" time="100.461" classname="userProfile.SocialLoginInRegistrationPage"/>
  <testcase name="socialLogin" time="165.410" classname="userProfile.SocialLoginInRegistrationPage"/>
  <testcase name="socialLogin" time="40.535" classname="userProfile.SocialLoginInRegistrationPage"/>
  <testcase name="socialLogin" time="45.473" classname="userProfile.SocialLoginInRegistrationPage"/>
  <testcase name="socialLogin" time="49.270" classname="userProfile.SocialLoginInRegistrationPage"/>
</testsuite> <!-- userProfile.SocialLoginInRegistrationPage -->
